[2020-05-05 08:55:48] local.ERROR: SQLSTATE[HY000] [1049] Unknown database 'job_portal' (SQL: select * from information_schema.tables where table_schema = job_portal and table_name = users) {"exception":"[object] (Illuminate\\Database\\QueryException(code: 1049): SQLSTATE[HY000] [1049] Unknown database 'job_portal' (SQL: select * from information_schema.tables where table_schema = job_portal and table_name = users) at E:\\current_project\\freelancer.com\\ilfat\\job_portal\\job_portal\\vendor\\laravel\\framework\\src\\Illuminate\\Database\\Connection.php:664, Doctrine\\DBAL\\Driver\\PDOException(code: 1049): SQLSTATE[HY000] [1049] Unknown database 'job_portal' at E:\\current_project\\freelancer.com\\ilfat\\job_portal\\job_portal\\vendor\\doctrine\\dbal\\lib\\Doctrine\\DBAL\\Driver\\PDOConnection.php:31, PDOException(code: 1049): SQLSTATE[HY000] [1049] Unknown database 'job_portal' at E:\\current_project\\freelancer.com\\ilfat\\job_portal\\job_portal\\vendor\\doctrine\\dbal\\lib\\Doctrine\\DBAL\\Driver\\PDOConnection.php:27)
[stacktrace]
#0 E:\\current_project\\freelancer.com\\ilfat\\job_portal\\job_portal\\vendor\\laravel\\framework\\src\\Illuminate\\Database\\Connection.php(624): Illuminate\\Database\\Connection->runQueryCallback('select * from i...', Array, Object(Closure))
#1 E:\\current_project\\freelancer.com\\ilfat\\job_portal\\job_portal\\vendor\\laravel\\framework\\src\\Illuminate\\Database\\Connection.php(333): Illuminate\\Database\\Connection->run('select * from i...', Array, Object(Closure))
#2 E:\\current_project\\freelancer.com\\ilfat\\job_portal\\job_portal\\vendor\\laravel\\framework\\src\\Illuminate\\Database\\Schema\\MySqlBuilder.php(18): Illuminate\\Database\\Connection->select('select * from i...', Array)
#3 E:\\current_project\\freelancer.com\\ilfat\\job_portal\\job_portal\\vendor\\laravel\\framework\\src\\Illuminate\\Support\\Facades\\Facade.php(237): Illuminate\\Database\\Schema\\MySqlBuilder->hasTable('users')
#4 E:\\current_project\\freelancer.com\\ilfat\\job_portal\\job_portal\outes\\web.php(35): Illuminate\\Support\\Facades\\Facade::__callStatic('hasTable', Array)
#5 E:\\current_project\\freelancer.com\\ilfat\\job_portal\\job_portal\\vendor\\laravel\\framework\\src\\Illuminate\\Routing\\Router.php(417): require('E:\\\\current_proj...')
#6 E:\\current_project\\freelancer.com\\ilfat\\job_portal\\job_portal\\vendor\\laravel\\framework\\src\\Illuminate\\Routing\\Router.php(373): Illuminate\\Routing\\Router->loadRoutes('E:\\\\current_proj...')
#7 E:\\current_project\\freelancer.com\\ilfat\\job_portal\\job_portal\\vendor\\laravel\\framework\\src\\Illuminate\\Routing\\RouteRegistrar.php(121): Illuminate\\Routing\\Router->group(Array, 'E:\\\\current_proj...')
#8 E:\\current_project\\freelancer.com\\ilfat\\job_portal\\job_portal\\app\\Providers\\RouteServiceProvider.php(56): Illuminate\\Routing\\RouteRegistrar->group('E:\\\\current_proj...')
#9 E:\\current_project\\freelancer.com\\ilfat\\job_portal\\job_portal\\app\\Providers\\RouteServiceProvider.php(40): App\\Providers\\RouteServiceProvider->mapWebRoutes()
#10 [internal function]: App\\Providers\\RouteServiceProvider->map()
#11 E:\\current_project\\freelancer.com\\ilfat\\job_portal\\job_portal\\vendor\\laravel\\framework\\src\\Illuminate\\Container\\BoundMethod.php(29): call_user_func_array(Array, Array)
#12 E:\\current_project\\freelancer.com\\ilfat\\job_portal\\job_portal\\vendor\\laravel\\framework\\src\\Illuminate\\Container\\BoundMethod.php(87): Illuminate\\Container\\BoundMethod::Illuminate\\Container\\{closure}()
#13 E:\\current_project\\freelancer.com\\ilfat\\job_portal\\job_portal\\vendor\\laravel\\framework\\src\\Illuminate\\Container\\BoundMethod.php(31): Illuminate\\Container\\BoundMethod::callBoundMethod(Object(Illuminate\\Foundation\\Application), Array, Object(Closure))
#14 E:\\current_project\\freelancer.com\\ilfat\\job_portal\\job_portal\\vendor\\laravel\\framework\\src\\Illuminate\\Container\\Container.php(572): Illuminate\\Container\\BoundMethod::call(Object(Illuminate\\Foundation\\Application), Array, Array, NULL)
#15 E:\\current_project\\freelancer.com\\ilfat\\job_portal\\job_portal\\vendor\\laravel\\framework\\src\\Illuminate\\Foundation\\Support\\Providers\\RouteServiceProvider.php(77): Illuminate\\Container\\Container->call(Array)
#16 E:\\current_project\\freelancer.com\\ilfat\\job_portal\\job_portal\\vendor\\laravel\\framework\\src\\Illuminate\\Foundation\\Support\\Providers\\RouteServiceProvider.php(36): Illuminate\\Foundation\\Support\\Providers\\RouteServiceProvider->loadRoutes()
#17 E:\\current_project\\freelancer.com\\ilfat\\job_portal\\job_portal\\app\\Providers\\RouteServiceProvider.php(28): Illuminate\\Foundation\\Support\\Providers\\RouteServiceProvider->boot()
#18 [internal function]: App\\Providers\\RouteServiceProvider->boot()
#19 E:\\current_project\\freelancer.com\\ilfat\\job_portal\\job_portal\\vendor\\laravel\\framework\\src\\Illuminate\\Container\\BoundMethod.php(29): call_user_func_array(Array, Array)
#20 E:\\current_project\\freelancer.com\\ilfat\\job_portal\\job_portal\\vendor\\laravel\\framework\\src\\Illuminate\\Container\\BoundMethod.php(87): Illuminate\\Container\\BoundMethod::Illuminate\\Container\\{closure}()
#21 E:\\current_project\\freelancer.com\\ilfat\\job_portal\\job_portal\\vendor\\laravel\\framework\\src\\Illuminate\\Container\\BoundMethod.php(31): Illuminate\\Container\\BoundMethod::callBoundMethod(Object(Illuminate\\Foundation\\Application), Array, Object(Closure))
#22 E:\\current_project\\freelancer.com\\ilfat\\job_portal\\job_portal\\vendor\\laravel\\framework\\src\\Illuminate\\Container\\Container.php(572): Illuminate\\Container\\BoundMethod::call(Object(Illuminate\\Foundation\\Application), Array, Array, NULL)
#23 E:\\current_project\\freelancer.com\\ilfat\\job_portal\\job_portal\\vendor\\laravel\\framework\\src\\Illuminate\\Foundation\\Application.php(819): Illuminate\\Container\\Container->call(Array)
#24 E:\\current_project\\freelancer.com\\ilfat\\job_portal\\job_portal\\vendor\\laravel\\framework\\src\\Illuminate\\Foundation\\Application.php(802): Illuminate\\Foundation\\Application->bootProvider(Object(App\\Providers\\RouteServiceProvider))
#25 [internal function]: Illuminate\\Foundation\\Application->Illuminate\\Foundation\\{closure}(Object(App\\Providers\\RouteServiceProvider), 36)
#26 E:\\current_project\\freelancer.com\\ilfat\\job_portal\\job_portal\\vendor\\laravel\\framework\\src\\Illuminate\\Foundation\\Application.php(803): array_walk(Array, Object(Closure))
#27 E:\\current_project\\freelancer.com\\ilfat\\job_portal\\job_portal\\vendor\\laravel\\framework\\src\\Illuminate\\Foundation\\Bootstrap\\BootProviders.php(17): Illuminate\\Foundation\\Application->boot()
#28 E:\\current_project\\freelancer.com\\ilfat\\job_portal\\job_portal\\vendor\\laravel\\framework\\src\\Illuminate\\Foundation\\Application.php(211): Illuminate\\Foundation\\Bootstrap\\BootProviders->bootstrap(Object(Illuminate\\Foundation\\Application))
#29 E:\\current_project\\freelancer.com\\ilfat\\job_portal\\job_portal\\vendor\\laravel\\framework\\src\\Illuminate\\Foundation\\Console\\Kernel.php(297): Illuminate\\Foundation\\Application->bootstrapWith(Array)
#30 E:\\current_project\\freelancer.com\\ilfat\\job_portal\\job_portal\\vendor\\laravel\\framework\\src\\Illuminate\\Foundation\\Console\\Kernel.php(120): Illuminate\\Foundation\\Console\\Kernel->bootstrap()
#31 E:\\current_project\\freelancer.com\\ilfat\\job_portal\\job_portal\\artisan(37): Illuminate\\Foundation\\Console\\Kernel->handle(Object(Symfony\\Component\\Console\\Input\\ArgvInput), Object(Symfony\\Component\\Console\\Output\\ConsoleOutput))
#32 {main}
"} 
